<?xml version="1.0" encoding="UTF-8"?>
<testng-results ignored="0" total="6" passed="5" failed="1" skipped="0">
  <reporter-output>
  </reporter-output>
  <suite started-at="2022-09-28T21:16:26 IST" name="Suite123" finished-at="2022-09-28T21:20:32 IST" duration-ms="245178">
    <groups>
    </groups>
    <test started-at="2022-09-28T21:16:26 IST" name="Test143" finished-at="2022-09-28T21:20:32 IST" duration-ms="245178">
      <class name="TestNGPack.TestNGClass3">
        <test-method is-config="true" signature="lounchBrowser(java.lang.String)[pri:0, instance:TestNGPack.TestNGClass3@2a798d51]" started-at="2022-09-28T21:16:34 IST" name="lounchBrowser" finished-at="2022-09-28T21:16:41 IST" duration-ms="7259" status="PASS">
          <params>
            <param index="0">
              <value>
                <![CDATA[Chrome]]>
              </value>
            </param>
          </params>
          <reporter-output>
          </reporter-output>
        </test-method> <!-- lounchBrowser -->
        <test-method is-config="true" signature="lounchBrowser()[pri:0, instance:TestNGPack.TestNGClass3@2a798d51]" started-at="2022-09-28T21:16:41 IST" name="lounchBrowser" finished-at="2022-09-28T21:16:43 IST" duration-ms="2053" status="PASS">
          <reporter-output>
          </reporter-output>
        </test-method> <!-- lounchBrowser -->
        <test-method is-config="true" signature="lounchURL()[pri:0, instance:TestNGPack.TestNGClass3@2a798d51]" started-at="2022-09-28T21:16:43 IST" name="lounchURL" finished-at="2022-09-28T21:18:56 IST" duration-ms="132599" status="PASS">
          <reporter-output>
          </reporter-output>
        </test-method> <!-- lounchURL -->
        <test-method signature="openProductPage()[pri:1, instance:TestNGPack.TestNGClass3@2a798d51]" started-at="2022-09-28T21:18:56 IST" name="openProductPage" finished-at="2022-09-28T21:19:45 IST" duration-ms="49062" status="PASS">
          <reporter-output>
          </reporter-output>
        </test-method> <!-- openProductPage -->
        <test-method is-config="true" signature="captureScreenshot(org.testng.ITestResult)[pri:0, instance:TestNGPack.TestNGClass3@2a798d51]" started-at="2022-09-28T21:19:45 IST" name="captureScreenshot" finished-at="2022-09-28T21:19:45 IST" duration-ms="1" status="PASS">
          <params>
            <param index="0">
              <value>
                <![CDATA[[TestResult name=openProductPage status=SUCCESS method=TestNGClass3.openProductPage()[pri:1, instance:TestNGPack.TestNGClass3@2a798d51] output={null}]]]>
              </value>
            </param>
          </params>
          <reporter-output>
          </reporter-output>
        </test-method> <!-- captureScreenshot -->
        <test-method is-config="true" signature="lounchURL()[pri:0, instance:TestNGPack.TestNGClass3@2a798d51]" started-at="2022-09-28T21:19:45 IST" name="lounchURL" finished-at="2022-09-28T21:19:58 IST" duration-ms="13462" status="PASS">
          <reporter-output>
          </reporter-output>
        </test-method> <!-- lounchURL -->
        <test-method signature="checkAddToCartBag()[pri:2, instance:TestNGPack.TestNGClass3@2a798d51]" started-at="2022-09-28T21:19:58 IST" name="checkAddToCartBag" finished-at="2022-09-28T21:20:15 IST" depends-on-methods="TestNGPack.TestNGClass3.openProductPage" duration-ms="16785" status="PASS">
          <reporter-output>
          </reporter-output>
        </test-method> <!-- checkAddToCartBag -->
        <test-method is-config="true" signature="captureScreenshot(org.testng.ITestResult)[pri:0, instance:TestNGPack.TestNGClass3@2a798d51]" started-at="2022-09-28T21:20:15 IST" name="captureScreenshot" finished-at="2022-09-28T21:20:15 IST" duration-ms="1" status="PASS">
          <params>
            <param index="0">
              <value>
                <![CDATA[[TestResult name=checkAddToCartBag status=SUCCESS method=TestNGClass3.checkAddToCartBag()[pri:2, instance:TestNGPack.TestNGClass3@2a798d51] output={null}]]]>
              </value>
            </param>
          </params>
          <reporter-output>
          </reporter-output>
        </test-method> <!-- captureScreenshot -->
        <test-method is-config="true" signature="cleanPomObject()[pri:0, instance:TestNGPack.TestNGClass3@2a798d51]" started-at="2022-09-28T21:20:15 IST" name="cleanPomObject" finished-at="2022-09-28T21:20:15 IST" duration-ms="0" status="PASS">
          <reporter-output>
          </reporter-output>
        </test-method> <!-- cleanPomObject -->
        <test-method is-config="true" signature="closedBrowser()[pri:0, instance:TestNGPack.TestNGClass3@2a798d51]" started-at="2022-09-28T21:20:29 IST" name="closedBrowser" finished-at="2022-09-28T21:20:32 IST" duration-ms="2768" status="PASS">
          <reporter-output>
          </reporter-output>
        </test-method> <!-- closedBrowser -->
      </class> <!-- TestNGPack.TestNGClass3 -->
      <class name="TestNGPack.TestNGClass1">
        <test-method is-config="true" signature="launchBrowser(java.lang.String)[pri:0, instance:TestNGPack.TestNGClass1@4cc451f2]" started-at="2022-09-28T21:16:26 IST" name="launchBrowser" finished-at="2022-09-28T21:16:31 IST" duration-ms="4387" status="PASS">
          <params>
            <param index="0">
              <value>
                <![CDATA[Chrome]]>
              </value>
            </param>
          </params>
          <reporter-output>
          </reporter-output>
        </test-method> <!-- launchBrowser -->
        <test-method is-config="true" signature="createPOMObject()[pri:0, instance:TestNGPack.TestNGClass1@4cc451f2]" started-at="2022-09-28T21:16:41 IST" name="createPOMObject" finished-at="2022-09-28T21:16:43 IST" duration-ms="1338" status="PASS">
          <reporter-output>
          </reporter-output>
        </test-method> <!-- createPOMObject -->
        <test-method is-config="true" signature="launchUrl()[pri:0, instance:TestNGPack.TestNGClass1@4cc451f2]" started-at="2022-09-28T21:16:43 IST" name="launchUrl" finished-at="2022-09-28T21:17:20 IST" duration-ms="37446" status="PASS">
          <reporter-output>
          </reporter-output>
        </test-method> <!-- launchUrl -->
        <test-method signature="selectWatch()[pri:0, instance:TestNGPack.TestNGClass1@4cc451f2]" started-at="2022-09-28T21:17:20 IST" name="selectWatch" finished-at="2022-09-28T21:18:13 IST" duration-ms="52681" status="PASS">
          <reporter-output>
          </reporter-output>
        </test-method> <!-- selectWatch -->
        <test-method is-config="true" signature="addToCartProduct(org.testng.ITestResult)[pri:0, instance:TestNGPack.TestNGClass1@4cc451f2]" started-at="2022-09-28T21:18:13 IST" name="addToCartProduct" finished-at="2022-09-28T21:18:44 IST" duration-ms="30903" status="PASS">
          <params>
            <param index="0">
              <value>
                <![CDATA[[TestResult name=selectWatch status=SUCCESS method=TestNGClass1.selectWatch()[pri:0, instance:TestNGPack.TestNGClass1@4cc451f2] output={null}]]]>
              </value>
            </param>
          </params>
          <reporter-output>
          </reporter-output>
        </test-method> <!-- addToCartProduct -->
        <test-method is-config="true" signature="launchUrl()[pri:0, instance:TestNGPack.TestNGClass1@4cc451f2]" started-at="2022-09-28T21:18:44 IST" name="launchUrl" finished-at="2022-09-28T21:18:53 IST" duration-ms="9001" status="PASS">
          <reporter-output>
          </reporter-output>
        </test-method> <!-- launchUrl -->
        <test-method signature="sportShoosePage()[pri:0, instance:TestNGPack.TestNGClass1@4cc451f2]" started-at="2022-09-28T21:18:53 IST" name="sportShoosePage" finished-at="2022-09-28T21:19:23 IST" duration-ms="30478" status="PASS">
          <reporter-output>
          </reporter-output>
        </test-method> <!-- sportShoosePage -->
        <test-method is-config="true" signature="addToCartProduct(org.testng.ITestResult)[pri:0, instance:TestNGPack.TestNGClass1@4cc451f2]" started-at="2022-09-28T21:19:23 IST" name="addToCartProduct" finished-at="2022-09-28T21:20:01 IST" duration-ms="37704" status="PASS">
          <params>
            <param index="0">
              <value>
                <![CDATA[[TestResult name=sportShoosePage status=SUCCESS method=TestNGClass1.sportShoosePage()[pri:0, instance:TestNGPack.TestNGClass1@4cc451f2] output={null}]]]>
              </value>
            </param>
          </params>
          <reporter-output>
          </reporter-output>
        </test-method> <!-- addToCartProduct -->
        <test-method is-config="true" signature="cleanPomObject()[pri:0, instance:TestNGPack.TestNGClass1@4cc451f2]" started-at="2022-09-28T21:20:01 IST" name="cleanPomObject" finished-at="2022-09-28T21:20:01 IST" duration-ms="1" status="PASS">
          <reporter-output>
          </reporter-output>
        </test-method> <!-- cleanPomObject -->
        <test-method is-config="true" signature="closedBrowser()[pri:0, instance:TestNGPack.TestNGClass1@4cc451f2]" started-at="2022-09-28T21:20:15 IST" name="closedBrowser" finished-at="2022-09-28T21:20:22 IST" duration-ms="6520" status="PASS">
          <reporter-output>
          </reporter-output>
        </test-method> <!-- closedBrowser -->
      </class> <!-- TestNGPack.TestNGClass1 -->
      <class name="TestNGPack.TestNGClass2">
        <test-method is-config="true" signature="lounchBrowser(java.lang.String)[pri:0, instance:TestNGPack.TestNGClass2@5b239d7d]" started-at="2022-09-28T21:16:31 IST" name="lounchBrowser" finished-at="2022-09-28T21:16:34 IST" duration-ms="3094" status="PASS">
          <params>
            <param index="0">
              <value>
                <![CDATA[Chrome]]>
              </value>
            </param>
          </params>
          <reporter-output>
          </reporter-output>
        </test-method> <!-- lounchBrowser -->
        <test-method is-config="true" signature="lounchBrowser()[pri:0, instance:TestNGPack.TestNGClass2@5b239d7d]" started-at="2022-09-28T21:16:41 IST" name="lounchBrowser" finished-at="2022-09-28T21:16:42 IST" duration-ms="1088" status="PASS">
          <reporter-output>
          </reporter-output>
        </test-method> <!-- lounchBrowser -->
        <test-method is-config="true" signature="louncURL()[pri:0, instance:TestNGPack.TestNGClass2@5b239d7d]" started-at="2022-09-28T21:16:42 IST" name="louncURL" finished-at="2022-09-28T21:17:20 IST" duration-ms="37691" status="PASS">
          <reporter-output>
          </reporter-output>
        </test-method> <!-- louncURL -->
        <test-method signature="openAjioFacebookPage()[pri:1, instance:TestNGPack.TestNGClass2@5b239d7d]" started-at="2022-09-28T21:17:20 IST" name="openAjioFacebookPage" finished-at="2022-09-28T21:18:14 IST" duration-ms="53478" status="FAIL">
          <exception class="java.lang.AssertionError">
            <message>
              <![CDATA[The following asserts failed:
expected [AJIOlife - Home] but found [AJIOlife - Home | Facebook]]]>
            </message>
            <full-stacktrace>
              <![CDATA[java.lang.AssertionError: The following asserts failed:
expected [AJIOlife - Home] but found [AJIOlife - Home | Facebook]
at org.testng.asserts.SoftAssert.assertAll(SoftAssert.java:47)
at org.testng.asserts.SoftAssert.assertAll(SoftAssert.java:31)
at TestNGPack.TestNGClass2.openAjioFacebookPage(TestNGClass2.java:86)
at java.base/jdk.internal.reflect.DirectMethodHandleAccessor.invoke(DirectMethodHandleAccessor.java:104)
at java.base/java.lang.reflect.Method.invoke(Method.java:577)
at org.testng.internal.MethodInvocationHelper.invokeMethod(MethodInvocationHelper.java:133)
at org.testng.internal.TestInvoker.invokeMethod(TestInvoker.java:598)
at org.testng.internal.TestInvoker.invokeTestMethod(TestInvoker.java:173)
at org.testng.internal.MethodRunner.runInSequence(MethodRunner.java:46)
at org.testng.internal.TestInvoker$MethodInvocationAgent.invoke(TestInvoker.java:824)
at org.testng.internal.TestInvoker.invokeTestMethods(TestInvoker.java:146)
at org.testng.internal.TestMethodWorker.invokeTestMethods(TestMethodWorker.java:146)
at org.testng.internal.TestMethodWorker.run(TestMethodWorker.java:128)
at java.base/java.util.concurrent.ThreadPoolExecutor.runWorker(ThreadPoolExecutor.java:1136)
at java.base/java.util.concurrent.ThreadPoolExecutor$Worker.run(ThreadPoolExecutor.java:635)
at java.base/java.lang.Thread.run(Thread.java:833)
]]>
            </full-stacktrace>
          </exception> <!-- java.lang.AssertionError -->
          <reporter-output>
          </reporter-output>
        </test-method> <!-- openAjioFacebookPage -->
        <test-method is-config="true" signature="captureScreenShot(org.testng.ITestResult)[pri:0, instance:TestNGPack.TestNGClass2@5b239d7d]" started-at="2022-09-28T21:18:14 IST" name="captureScreenShot" finished-at="2022-09-28T21:18:14 IST" duration-ms="684" status="PASS">
          <params>
            <param index="0">
              <value>
                <![CDATA[[TestResult name=openAjioFacebookPage status=FAILURE method=TestNGClass2.openAjioFacebookPage()[pri:1, instance:TestNGPack.TestNGClass2@5b239d7d] output={null}]]]>
              </value>
            </param>
          </params>
          <reporter-output>
          </reporter-output>
        </test-method> <!-- captureScreenShot -->
        <test-method is-config="true" signature="louncURL()[pri:0, instance:TestNGPack.TestNGClass2@5b239d7d]" started-at="2022-09-28T21:18:14 IST" name="louncURL" finished-at="2022-09-28T21:18:21 IST" duration-ms="6551" status="PASS">
          <reporter-output>
          </reporter-output>
        </test-method> <!-- louncURL -->
        <test-method signature="openAjioInstagramPage()[pri:2, instance:TestNGPack.TestNGClass2@5b239d7d]" started-at="2022-09-28T21:18:21 IST" name="openAjioInstagramPage" finished-at="2022-09-28T21:19:09 IST" duration-ms="48077" status="PASS">
          <reporter-output>
          </reporter-output>
        </test-method> <!-- openAjioInstagramPage -->
        <test-method is-config="true" signature="captureScreenShot(org.testng.ITestResult)[pri:0, instance:TestNGPack.TestNGClass2@5b239d7d]" started-at="2022-09-28T21:19:09 IST" name="captureScreenShot" finished-at="2022-09-28T21:19:09 IST" duration-ms="1" status="PASS">
          <params>
            <param index="0">
              <value>
                <![CDATA[[TestResult name=openAjioInstagramPage status=SUCCESS method=TestNGClass2.openAjioInstagramPage()[pri:2, instance:TestNGPack.TestNGClass2@5b239d7d] output={null}]]]>
              </value>
            </param>
          </params>
          <reporter-output>
          </reporter-output>
        </test-method> <!-- captureScreenShot -->
        <test-method is-config="true" signature="cleanPomObject()[pri:0, instance:TestNGPack.TestNGClass2@5b239d7d]" started-at="2022-09-28T21:19:09 IST" name="cleanPomObject" finished-at="2022-09-28T21:19:09 IST" duration-ms="0" status="PASS">
          <reporter-output>
          </reporter-output>
        </test-method> <!-- cleanPomObject -->
        <test-method is-config="true" signature="closedBrowser()[pri:0, instance:TestNGPack.TestNGClass2@5b239d7d]" started-at="2022-09-28T21:20:22 IST" name="closedBrowser" finished-at="2022-09-28T21:20:29 IST" duration-ms="7144" status="PASS">
          <reporter-output>
          </reporter-output>
        </test-method> <!-- closedBrowser -->
      </class> <!-- TestNGPack.TestNGClass2 -->
    </test> <!-- Test143 -->
  </suite> <!-- Suite123 -->
</testng-results>
