<?xml version="1.0" encoding="UTF-8"?>
<!-- Generated by org.testng.reporters.JUnitXMLReporter -->
<testsuite ignored="0" hostname="DESKTOP-3ATMJAD" failures="0" tests="6" name="ChromeTest" time="1.878" errors="0" timestamp="2022-09-14T12:34:22 IST">
  <testcase classname="TestNGPack.TestNGClass2" name="@BeforeTest lounchBrowser" time="0.014">
    <failure type="java.lang.NullPointerException" message="null value in entry: desiredCapabilities=null">
      <![CDATA[java.lang.NullPointerException: null value in entry: desiredCapabilities=null
at com.google.common.collect.CollectPreconditions.checkEntryNotNull(CollectPreconditions.java:32)
at com.google.common.collect.SingletonImmutableBiMap.<init>(SingletonImmutableBiMap.java:42)
at com.google.common.collect.ImmutableBiMap.of(ImmutableBiMap.java:72)
at com.google.common.collect.ImmutableMap.of(ImmutableMap.java:124)
at org.openqa.selenium.remote.RemoteWebDriver.startSession(RemoteWebDriver.java:211)
at org.openqa.selenium.remote.RemoteWebDriver.<init>(RemoteWebDriver.java:131)
at org.openqa.selenium.chrome.ChromeDriver.<init>(ChromeDriver.java:181)
at org.openqa.selenium.chrome.ChromeDriver.<init>(ChromeDriver.java:168)
at org.openqa.selenium.chrome.ChromeDriver.<init>(ChromeDriver.java:157)
at TestNGPack.TestNGClass2.lounchBrowser(TestNGClass2.java:37)
... Removed 22 stack frames]]>
    </failure>
  </testcase> <!-- @BeforeTest lounchBrowser -->
  <testcase classname="TestNGPack.TestNGClass3" name="@BeforeTest lounchBrowser" time="-1.663139061853E9">
    <skipped/>
  </testcase> <!-- @BeforeTest lounchBrowser -->
  <testcase classname="TestNGPack.TestNGClass1" name="@BeforeClass createPOMObject" time="-1.663139061893E9">
    <skipped/>
  </testcase> <!-- @BeforeClass createPOMObject -->
  <testcase classname="TestNGPack.TestNGClass1" name="@BeforeMethod launchUrl" time="-1.663139061916E9">
    <skipped/>
  </testcase> <!-- @BeforeMethod launchUrl -->
  <testcase classname="TestNGPack.TestNGClass1" name="@AfterMethod addToCartProduct" time="-1.663139061926E9">
    <skipped/>
  </testcase> <!-- @AfterMethod addToCartProduct -->
  <testcase classname="TestNGPack.TestNGClass1" name="@BeforeMethod launchUrl" time="-1.663139061931E9">
    <skipped/>
  </testcase> <!-- @BeforeMethod launchUrl -->
  <testcase classname="TestNGPack.TestNGClass1" name="@AfterMethod addToCartProduct" time="-1.663139061936E9">
    <skipped/>
  </testcase> <!-- @AfterMethod addToCartProduct -->
  <testcase classname="TestNGPack.TestNGClass1" name="@AfterClass cleanPomObject" time="-1.663139061938E9">
    <skipped/>
  </testcase> <!-- @AfterClass cleanPomObject -->
  <testcase classname="TestNGPack.TestNGClass2" name="@BeforeClass lounchBrowser" time="-1.663139061941E9">
    <skipped/>
  </testcase> <!-- @BeforeClass lounchBrowser -->
  <testcase classname="TestNGPack.TestNGClass2" name="@BeforeMethod louncURL" time="-1.663139061943E9">
    <skipped/>
  </testcase> <!-- @BeforeMethod louncURL -->
  <testcase classname="TestNGPack.TestNGClass2" name="@BeforeMethod louncURL" time="-1.663139061948E9">
    <skipped/>
  </testcase> <!-- @BeforeMethod louncURL -->
  <testcase classname="TestNGPack.TestNGClass2" name="@AfterClass cleanPomObject" time="-1.663139061958E9">
    <skipped/>
  </testcase> <!-- @AfterClass cleanPomObject -->
  <testcase classname="TestNGPack.TestNGClass3" name="@BeforeClass lounchBrowser" time="-1.66313906196E9">
    <skipped/>
  </testcase> <!-- @BeforeClass lounchBrowser -->
  <testcase classname="TestNGPack.TestNGClass3" name="@BeforeMethod lounchURL" time="-1.663139061962E9">
    <skipped/>
  </testcase> <!-- @BeforeMethod lounchURL -->
  <testcase classname="TestNGPack.TestNGClass3" name="@AfterMethod returnHomePage" time="-1.663139061969E9">
    <skipped/>
  </testcase> <!-- @AfterMethod returnHomePage -->
  <testcase classname="TestNGPack.TestNGClass3" name="@AfterClass cleanPomObject" time="-1.663139061991E9">
    <skipped/>
  </testcase> <!-- @AfterClass cleanPomObject -->
  <testcase classname="TestNGPack.TestNGClass1" name="@AfterTest closedBrowser" time="-1.663139061992E9">
    <skipped/>
  </testcase> <!-- @AfterTest closedBrowser -->
  <testcase classname="TestNGPack.TestNGClass2" name="@AfterTest closedBrowser" time="-1.663139061993E9">
    <skipped/>
  </testcase> <!-- @AfterTest closedBrowser -->
  <testcase classname="TestNGPack.TestNGClass3" name="@AfterTest closedBrowser" time="-1.663139061994E9">
    <skipped/>
  </testcase> <!-- @AfterTest closedBrowser -->
  <testcase classname="TestNGPack.TestNGClass1" name="selectWatch" time="0.0">
    <skipped/>
  </testcase> <!-- selectWatch -->
  <testcase classname="TestNGPack.TestNGClass1" name="sportShoosePage" time="0.0">
    <skipped/>
  </testcase> <!-- sportShoosePage -->
  <testcase classname="TestNGPack.TestNGClass2" name="openAjioFacebookPage" time="0.0">
    <skipped/>
  </testcase> <!-- openAjioFacebookPage -->
  <testcase classname="TestNGPack.TestNGClass2" name="openAjioInstagramPage" time="0.0">
    <skipped/>
  </testcase> <!-- openAjioInstagramPage -->
  <testcase classname="TestNGPack.TestNGClass3" name="openProductPage" time="0.0">
    <skipped/>
  </testcase> <!-- openProductPage -->
  <testcase classname="TestNGPack.TestNGClass3" name="checkAddToCartBag" time="0.0">
    <skipped/>
  </testcase> <!-- checkAddToCartBag -->
</testsuite> <!-- ChromeTest -->
