<?xml version="1.0" encoding="UTF-8"?>
<!-- Generated by org.testng.reporters.JUnitXMLReporter -->
<testsuite ignored="0" hostname="DESKTOP-3ATMJAD" failures="0" tests="6" name="ChromeBrowser" time="0.588" errors="0" timestamp="2022-09-13T23:09:52 IST">
  <testcase classname="TestNGPack.TestNGClass1" name="@BeforeTest lounchBrowser" time="0.395">
    <failure type="java.lang.NullPointerException" message="null value in entry: desiredCapabilities=null">
      <![CDATA[java.lang.NullPointerException: null value in entry: desiredCapabilities=null
at com.google.common.collect.CollectPreconditions.checkEntryNotNull(CollectPreconditions.java:32)
at com.google.common.collect.SingletonImmutableBiMap.<init>(SingletonImmutableBiMap.java:42)
at com.google.common.collect.ImmutableBiMap.of(ImmutableBiMap.java:72)
at com.google.common.collect.ImmutableMap.of(ImmutableMap.java:124)
at org.openqa.selenium.remote.RemoteWebDriver.startSession(RemoteWebDriver.java:211)
at org.openqa.selenium.remote.RemoteWebDriver.<init>(RemoteWebDriver.java:131)
at org.openqa.selenium.chrome.ChromeDriver.<init>(ChromeDriver.java:181)
at org.openqa.selenium.chrome.ChromeDriver.<init>(ChromeDriver.java:168)
at org.openqa.selenium.chrome.ChromeDriver.<init>(ChromeDriver.java:157)
at TestNGPack.TestNGClass1.lounchBrowser(TestNGClass1.java:42)
... Removed 22 stack frames]]>
    </failure>
  </testcase> <!-- @BeforeTest lounchBrowser -->
  <testcase classname="TestNGPack.TestNGClass2" name="@BeforeTest lounchBrowser" time="-1.663090792726E9">
    <skipped/>
  </testcase> <!-- @BeforeTest lounchBrowser -->
  <testcase classname="TestNGPack.TestNGClass3" name="@BeforeTest lounchBrowser" time="-1.66309079273E9">
    <skipped/>
  </testcase> <!-- @BeforeTest lounchBrowser -->
  <testcase classname="TestNGPack.TestNGClass1" name="@BeforeClass lounchURL" time="-1.663090792768E9">
    <skipped/>
  </testcase> <!-- @BeforeClass lounchURL -->
  <testcase classname="TestNGPack.TestNGClass1" name="@BeforeMethod homePage" time="-1.663090792778E9">
    <skipped/>
  </testcase> <!-- @BeforeMethod homePage -->
  <testcase classname="TestNGPack.TestNGClass1" name="@AfterMethod addToCartProduct" time="-1.663090792788E9">
    <skipped/>
  </testcase> <!-- @AfterMethod addToCartProduct -->
  <testcase classname="TestNGPack.TestNGClass1" name="@BeforeMethod homePage" time="-1.663090792797E9">
    <skipped/>
  </testcase> <!-- @BeforeMethod homePage -->
  <testcase classname="TestNGPack.TestNGClass1" name="@AfterMethod addToCartProduct" time="-1.663090792811E9">
    <skipped/>
  </testcase> <!-- @AfterMethod addToCartProduct -->
  <testcase classname="TestNGPack.TestNGClass1" name="@AfterClass cleanPomObject" time="-1.663090792813E9">
    <skipped/>
  </testcase> <!-- @AfterClass cleanPomObject -->
  <testcase classname="TestNGPack.TestNGClass2" name="@BeforeClass lounchBrowser" time="-1.66309079282E9">
    <skipped/>
  </testcase> <!-- @BeforeClass lounchBrowser -->
  <testcase classname="TestNGPack.TestNGClass2" name="@BeforeMethod louncURL" time="-1.663090792822E9">
    <skipped/>
  </testcase> <!-- @BeforeMethod louncURL -->
  <testcase classname="TestNGPack.TestNGClass2" name="@BeforeMethod louncURL" time="-1.663090792838E9">
    <skipped/>
  </testcase> <!-- @BeforeMethod louncURL -->
  <testcase classname="TestNGPack.TestNGClass2" name="@AfterClass cleanPomObject" time="-1.663090792847E9">
    <skipped/>
  </testcase> <!-- @AfterClass cleanPomObject -->
  <testcase classname="TestNGPack.TestNGClass3" name="@BeforeClass lounchBrowser" time="-1.663090792848E9">
    <skipped/>
  </testcase> <!-- @BeforeClass lounchBrowser -->
  <testcase classname="TestNGPack.TestNGClass3" name="@BeforeMethod lounchURL" time="-1.66309079285E9">
    <skipped/>
  </testcase> <!-- @BeforeMethod lounchURL -->
  <testcase classname="TestNGPack.TestNGClass3" name="@AfterMethod returnHomePage" time="-1.663090792857E9">
    <skipped/>
  </testcase> <!-- @AfterMethod returnHomePage -->
  <testcase classname="TestNGPack.TestNGClass3" name="@AfterClass cleanPomObject" time="-1.663090792884E9">
    <skipped/>
  </testcase> <!-- @AfterClass cleanPomObject -->
  <testcase classname="TestNGPack.TestNGClass1" name="@AfterTest closedBrowser" time="-1.663090792887E9">
    <skipped/>
  </testcase> <!-- @AfterTest closedBrowser -->
  <testcase classname="TestNGPack.TestNGClass2" name="@AfterTest closedBrowser" time="-1.663090792889E9">
    <skipped/>
  </testcase> <!-- @AfterTest closedBrowser -->
  <testcase classname="TestNGPack.TestNGClass3" name="@AfterTest closedBrowser" time="-1.663090792892E9">
    <skipped/>
  </testcase> <!-- @AfterTest closedBrowser -->
  <testcase classname="TestNGPack.TestNGClass1" name="selectWatch" time="0.0">
    <skipped/>
  </testcase> <!-- selectWatch -->
  <testcase classname="TestNGPack.TestNGClass1" name="sportShoosePage" time="0.0">
    <skipped/>
  </testcase> <!-- sportShoosePage -->
  <testcase classname="TestNGPack.TestNGClass2" name="openAjioFacebookPage" time="0.0">
    <skipped/>
  </testcase> <!-- openAjioFacebookPage -->
  <testcase classname="TestNGPack.TestNGClass2" name="openAjioInstagramPage" time="0.0">
    <skipped/>
  </testcase> <!-- openAjioInstagramPage -->
  <testcase classname="TestNGPack.TestNGClass3" name="openProductPage" time="0.0">
    <skipped/>
  </testcase> <!-- openProductPage -->
  <testcase classname="TestNGPack.TestNGClass3" name="checkAddToCartBag" time="0.0">
    <skipped/>
  </testcase> <!-- checkAddToCartBag -->
</testsuite> <!-- ChromeBrowser -->
