<?xml version="1.0" encoding="UTF-8"?>
<!-- Generated by org.testng.reporters.JUnitXMLReporter -->
<testsuite ignored="0" hostname="DESKTOP-3ATMJAD" failures="0" tests="6" name="CromeTest" time="2.459" errors="0" timestamp="2022-09-14T00:22:01 IST">
  <testcase classname="TestNGPack.TestNGClass2" name="@BeforeTest lounchBrowser" time="0.012">
    <failure type="java.lang.NullPointerException" message="null value in entry: desiredCapabilities=null">
      <![CDATA[java.lang.NullPointerException: null value in entry: desiredCapabilities=null
at com.google.common.collect.CollectPreconditions.checkEntryNotNull(CollectPreconditions.java:32)
at com.google.common.collect.SingletonImmutableBiMap.<init>(SingletonImmutableBiMap.java:42)
at com.google.common.collect.ImmutableBiMap.of(ImmutableBiMap.java:72)
at com.google.common.collect.ImmutableMap.of(ImmutableMap.java:124)
at org.openqa.selenium.remote.RemoteWebDriver.startSession(RemoteWebDriver.java:211)
at org.openqa.selenium.remote.RemoteWebDriver.<init>(RemoteWebDriver.java:131)
at org.openqa.selenium.chrome.ChromeDriver.<init>(ChromeDriver.java:181)
at org.openqa.selenium.chrome.ChromeDriver.<init>(ChromeDriver.java:168)
at org.openqa.selenium.chrome.ChromeDriver.<init>(ChromeDriver.java:157)
at TestNGPack.TestNGClass2.lounchBrowser(TestNGClass2.java:37)
... Removed 22 stack frames]]>
    </failure>
  </testcase> <!-- @BeforeTest lounchBrowser -->
  <testcase classname="TestNGPack.TestNGClass3" name="@BeforeTest lounchBrowser" time="-1.663095121248E9">
    <skipped/>
  </testcase> <!-- @BeforeTest lounchBrowser -->
  <testcase classname="TestNGPack.TestNGClass1" name="@BeforeClass createPOMObject" time="-1.663095121327E9">
    <skipped/>
  </testcase> <!-- @BeforeClass createPOMObject -->
  <testcase classname="TestNGPack.TestNGClass1" name="@BeforeMethod homePage" time="-1.663095121344E9">
    <skipped/>
  </testcase> <!-- @BeforeMethod homePage -->
  <testcase classname="TestNGPack.TestNGClass1" name="@AfterMethod addToCartProduct" time="-1.663095121356E9">
    <skipped/>
  </testcase> <!-- @AfterMethod addToCartProduct -->
  <testcase classname="TestNGPack.TestNGClass1" name="@BeforeMethod homePage" time="-1.66309512136E9">
    <skipped/>
  </testcase> <!-- @BeforeMethod homePage -->
  <testcase classname="TestNGPack.TestNGClass1" name="@AfterMethod addToCartProduct" time="-1.663095121371E9">
    <skipped/>
  </testcase> <!-- @AfterMethod addToCartProduct -->
  <testcase classname="TestNGPack.TestNGClass1" name="@AfterClass cleanPomObject" time="-1.663095121373E9">
    <skipped/>
  </testcase> <!-- @AfterClass cleanPomObject -->
  <testcase classname="TestNGPack.TestNGClass2" name="@BeforeClass lounchBrowser" time="-1.663095121375E9">
    <skipped/>
  </testcase> <!-- @BeforeClass lounchBrowser -->
  <testcase classname="TestNGPack.TestNGClass2" name="@BeforeMethod louncURL" time="-1.663095121377E9">
    <skipped/>
  </testcase> <!-- @BeforeMethod louncURL -->
  <testcase classname="TestNGPack.TestNGClass2" name="@BeforeMethod louncURL" time="-1.663095121381E9">
    <skipped/>
  </testcase> <!-- @BeforeMethod louncURL -->
  <testcase classname="TestNGPack.TestNGClass2" name="@AfterClass cleanPomObject" time="-1.663095121396E9">
    <skipped/>
  </testcase> <!-- @AfterClass cleanPomObject -->
  <testcase classname="TestNGPack.TestNGClass3" name="@BeforeClass lounchBrowser" time="-1.663095121398E9">
    <skipped/>
  </testcase> <!-- @BeforeClass lounchBrowser -->
  <testcase classname="TestNGPack.TestNGClass3" name="@BeforeMethod lounchURL" time="-1.663095121399E9">
    <skipped/>
  </testcase> <!-- @BeforeMethod lounchURL -->
  <testcase classname="TestNGPack.TestNGClass3" name="@AfterMethod returnHomePage" time="-1.663095121404E9">
    <skipped/>
  </testcase> <!-- @AfterMethod returnHomePage -->
  <testcase classname="TestNGPack.TestNGClass3" name="@AfterClass cleanPomObject" time="-1.663095121431E9">
    <skipped/>
  </testcase> <!-- @AfterClass cleanPomObject -->
  <testcase classname="TestNGPack.TestNGClass1" name="@AfterTest closedBrowser" time="-1.663095121437E9">
    <skipped/>
  </testcase> <!-- @AfterTest closedBrowser -->
  <testcase classname="TestNGPack.TestNGClass2" name="@AfterTest closedBrowser" time="-1.663095121439E9">
    <skipped/>
  </testcase> <!-- @AfterTest closedBrowser -->
  <testcase classname="TestNGPack.TestNGClass3" name="@AfterTest closedBrowser" time="-1.66309512144E9">
    <skipped/>
  </testcase> <!-- @AfterTest closedBrowser -->
  <testcase classname="TestNGPack.TestNGClass1" name="selectWatch" time="0.0">
    <skipped/>
  </testcase> <!-- selectWatch -->
  <testcase classname="TestNGPack.TestNGClass1" name="sportShoosePage" time="0.0">
    <skipped/>
  </testcase> <!-- sportShoosePage -->
  <testcase classname="TestNGPack.TestNGClass2" name="openAjioFacebookPage" time="0.0">
    <skipped/>
  </testcase> <!-- openAjioFacebookPage -->
  <testcase classname="TestNGPack.TestNGClass2" name="openAjioInstagramPage" time="0.0">
    <skipped/>
  </testcase> <!-- openAjioInstagramPage -->
  <testcase classname="TestNGPack.TestNGClass3" name="openProductPage" time="0.0">
    <skipped/>
  </testcase> <!-- openProductPage -->
  <testcase classname="TestNGPack.TestNGClass3" name="checkAddToCartBag" time="0.001">
    <skipped/>
  </testcase> <!-- checkAddToCartBag -->
</testsuite> <!-- CromeTest -->
