<?xml version="1.0" encoding="UTF-8"?>
<!-- Generated by org.testng.reporters.JUnitXMLReporter -->
<testsuite ignored="0" hostname="DESKTOP-3ATMJAD" failures="0" tests="6" name="FirefoxTest" time="0.146" errors="0" timestamp="2022-09-14T00:22:01 IST">
  <testcase classname="TestNGPack.TestNGClass1" name="@BeforeTest lounchBrowser" time="0.008">
    <failure type="java.lang.NullPointerException" message="No capabilities seen">
      <![CDATA[java.lang.NullPointerException: No capabilities seen
at java.base/java.util.Objects.requireNonNull(Objects.java:233)
at org.openqa.selenium.firefox.FirefoxDriver.<init>(FirefoxDriver.java:133)
at TestNGPack.TestNGClass1.lounchBrowser(TestNGClass1.java:48)
... Removed 22 stack frames]]>
    </failure>
  </testcase> <!-- @BeforeTest lounchBrowser -->
  <testcase classname="TestNGPack.TestNGClass2" name="@BeforeTest lounchBrowser" time="-1.66309512156E9">
    <skipped/>
  </testcase> <!-- @BeforeTest lounchBrowser -->
  <testcase classname="TestNGPack.TestNGClass3" name="@BeforeTest lounchBrowser" time="-1.663095121561E9">
    <skipped/>
  </testcase> <!-- @BeforeTest lounchBrowser -->
  <testcase classname="TestNGPack.TestNGClass1" name="@BeforeClass createPOMObject" time="-1.663095121564E9">
    <skipped/>
  </testcase> <!-- @BeforeClass createPOMObject -->
  <testcase classname="TestNGPack.TestNGClass1" name="@BeforeMethod homePage" time="-1.663095121565E9">
    <skipped/>
  </testcase> <!-- @BeforeMethod homePage -->
  <testcase classname="TestNGPack.TestNGClass1" name="@AfterMethod addToCartProduct" time="-1.663095121592E9">
    <skipped/>
  </testcase> <!-- @AfterMethod addToCartProduct -->
  <testcase classname="TestNGPack.TestNGClass1" name="@BeforeMethod homePage" time="-1.663095121594E9">
    <skipped/>
  </testcase> <!-- @BeforeMethod homePage -->
  <testcase classname="TestNGPack.TestNGClass1" name="@AfterMethod addToCartProduct" time="-1.663095121607E9">
    <skipped/>
  </testcase> <!-- @AfterMethod addToCartProduct -->
  <testcase classname="TestNGPack.TestNGClass1" name="@AfterClass cleanPomObject" time="-1.66309512161E9">
    <skipped/>
  </testcase> <!-- @AfterClass cleanPomObject -->
  <testcase classname="TestNGPack.TestNGClass2" name="@BeforeClass lounchBrowser" time="-1.663095121615E9">
    <skipped/>
  </testcase> <!-- @BeforeClass lounchBrowser -->
  <testcase classname="TestNGPack.TestNGClass2" name="@BeforeMethod louncURL" time="-1.663095121617E9">
    <skipped/>
  </testcase> <!-- @BeforeMethod louncURL -->
  <testcase classname="TestNGPack.TestNGClass2" name="@BeforeMethod louncURL" time="-1.663095121626E9">
    <skipped/>
  </testcase> <!-- @BeforeMethod louncURL -->
  <testcase classname="TestNGPack.TestNGClass2" name="@AfterClass cleanPomObject" time="-1.663095121662E9">
    <skipped/>
  </testcase> <!-- @AfterClass cleanPomObject -->
  <testcase classname="TestNGPack.TestNGClass3" name="@BeforeClass lounchBrowser" time="-1.663095121671E9">
    <skipped/>
  </testcase> <!-- @BeforeClass lounchBrowser -->
  <testcase classname="TestNGPack.TestNGClass3" name="@BeforeMethod lounchURL" time="-1.663095121676E9">
    <skipped/>
  </testcase> <!-- @BeforeMethod lounchURL -->
  <testcase classname="TestNGPack.TestNGClass3" name="@AfterMethod returnHomePage" time="-1.663095121679E9">
    <skipped/>
  </testcase> <!-- @AfterMethod returnHomePage -->
  <testcase classname="TestNGPack.TestNGClass3" name="@AfterClass cleanPomObject" time="-1.663095121686E9">
    <skipped/>
  </testcase> <!-- @AfterClass cleanPomObject -->
  <testcase classname="TestNGPack.TestNGClass1" name="@AfterTest closedBrowser" time="-1.663095121688E9">
    <skipped/>
  </testcase> <!-- @AfterTest closedBrowser -->
  <testcase classname="TestNGPack.TestNGClass2" name="@AfterTest closedBrowser" time="-1.663095121689E9">
    <skipped/>
  </testcase> <!-- @AfterTest closedBrowser -->
  <testcase classname="TestNGPack.TestNGClass3" name="@AfterTest closedBrowser" time="-1.663095121691E9">
    <skipped/>
  </testcase> <!-- @AfterTest closedBrowser -->
  <testcase classname="TestNGPack.TestNGClass1" name="selectWatch" time="0.0">
    <skipped/>
  </testcase> <!-- selectWatch -->
  <testcase classname="TestNGPack.TestNGClass1" name="sportShoosePage" time="0.0">
    <skipped/>
  </testcase> <!-- sportShoosePage -->
  <testcase classname="TestNGPack.TestNGClass2" name="openAjioFacebookPage" time="0.0">
    <skipped/>
  </testcase> <!-- openAjioFacebookPage -->
  <testcase classname="TestNGPack.TestNGClass2" name="openAjioInstagramPage" time="0.0">
    <skipped/>
  </testcase> <!-- openAjioInstagramPage -->
  <testcase classname="TestNGPack.TestNGClass3" name="openProductPage" time="0.0">
    <skipped/>
  </testcase> <!-- openProductPage -->
  <testcase classname="TestNGPack.TestNGClass3" name="checkAddToCartBag" time="0.0">
    <skipped/>
  </testcase> <!-- checkAddToCartBag -->
</testsuite> <!-- FirefoxTest -->
