<?xml version="1.0" encoding="UTF-8"?>
<!-- Generated by org.testng.reporters.JUnitXMLReporter -->
<testsuite ignored="0" hostname="DESKTOP-3ATMJAD" failures="0" tests="6" name="FirfoxTest" time="32.352" errors="0" timestamp="2022-09-14T00:59:41 IST">
  <testcase classname="TestNGPack.TestNGClass2" name="@BeforeTest lounchBrowser" time="0.001">
    <failure type="java.lang.NullPointerException" message="No capabilities seen">
      <![CDATA[java.lang.NullPointerException: No capabilities seen
at java.base/java.util.Objects.requireNonNull(Objects.java:233)
at org.openqa.selenium.firefox.FirefoxDriver.<init>(FirefoxDriver.java:133)
at TestNGPack.TestNGClass2.lounchBrowser(TestNGClass2.java:43)
... Removed 22 stack frames]]>
    </failure>
  </testcase> <!-- @BeforeTest lounchBrowser -->
  <testcase classname="TestNGPack.TestNGClass3" name="@BeforeTest lounchBrowser" time="-1.66309738102E9">
    <skipped/>
  </testcase> <!-- @BeforeTest lounchBrowser -->
  <testcase classname="TestNGPack.TestNGClass1" name="@BeforeClass createPOMObject" time="-1.663097381023E9">
    <skipped/>
  </testcase> <!-- @BeforeClass createPOMObject -->
  <testcase classname="TestNGPack.TestNGClass1" name="@BeforeMethod launchUrl" time="-1.663097381028E9">
    <skipped/>
  </testcase> <!-- @BeforeMethod launchUrl -->
  <testcase classname="TestNGPack.TestNGClass1" name="@AfterMethod addToCartProduct" time="-1.663097381035E9">
    <skipped/>
  </testcase> <!-- @AfterMethod addToCartProduct -->
  <testcase classname="TestNGPack.TestNGClass1" name="@BeforeMethod launchUrl" time="-1.663097381037E9">
    <skipped/>
  </testcase> <!-- @BeforeMethod launchUrl -->
  <testcase classname="TestNGPack.TestNGClass1" name="@AfterMethod addToCartProduct" time="-1.663097381041E9">
    <skipped/>
  </testcase> <!-- @AfterMethod addToCartProduct -->
  <testcase classname="TestNGPack.TestNGClass1" name="@AfterClass cleanPomObject" time="-1.663097381044E9">
    <skipped/>
  </testcase> <!-- @AfterClass cleanPomObject -->
  <testcase classname="TestNGPack.TestNGClass2" name="@BeforeClass lounchBrowser" time="-1.663097381053E9">
    <skipped/>
  </testcase> <!-- @BeforeClass lounchBrowser -->
  <testcase classname="TestNGPack.TestNGClass2" name="@BeforeMethod louncURL" time="-1.663097381061E9">
    <skipped/>
  </testcase> <!-- @BeforeMethod louncURL -->
  <testcase classname="TestNGPack.TestNGClass2" name="@BeforeMethod louncURL" time="-1.663097381087E9">
    <skipped/>
  </testcase> <!-- @BeforeMethod louncURL -->
  <testcase classname="TestNGPack.TestNGClass2" name="@AfterClass cleanPomObject" time="-1.663097381117E9">
    <skipped/>
  </testcase> <!-- @AfterClass cleanPomObject -->
  <testcase classname="TestNGPack.TestNGClass3" name="@BeforeClass lounchBrowser" time="-1.663097381119E9">
    <skipped/>
  </testcase> <!-- @BeforeClass lounchBrowser -->
  <testcase classname="TestNGPack.TestNGClass3" name="@BeforeMethod lounchURL" time="-1.663097381135E9">
    <skipped/>
  </testcase> <!-- @BeforeMethod lounchURL -->
  <testcase classname="TestNGPack.TestNGClass3" name="@AfterMethod returnHomePage" time="-1.663097381174E9">
    <skipped/>
  </testcase> <!-- @AfterMethod returnHomePage -->
  <testcase classname="TestNGPack.TestNGClass3" name="@AfterClass cleanPomObject" time="-1.663097381189E9">
    <skipped/>
  </testcase> <!-- @AfterClass cleanPomObject -->
  <testcase classname="TestNGPack.TestNGClass1" name="@AfterTest closedBrowser" time="-1.66309738119E9">
    <skipped/>
  </testcase> <!-- @AfterTest closedBrowser -->
  <testcase classname="TestNGPack.TestNGClass2" name="@AfterTest closedBrowser" time="-1.663097381192E9">
    <skipped/>
  </testcase> <!-- @AfterTest closedBrowser -->
  <testcase classname="TestNGPack.TestNGClass3" name="@AfterTest closedBrowser" time="-1.663097381193E9">
    <skipped/>
  </testcase> <!-- @AfterTest closedBrowser -->
  <testcase classname="TestNGPack.TestNGClass1" name="selectWatch" time="0.0">
    <skipped/>
  </testcase> <!-- selectWatch -->
  <testcase classname="TestNGPack.TestNGClass1" name="sportShoosePage" time="0.0">
    <skipped/>
  </testcase> <!-- sportShoosePage -->
  <testcase classname="TestNGPack.TestNGClass2" name="openAjioFacebookPage" time="0.0">
    <skipped/>
  </testcase> <!-- openAjioFacebookPage -->
  <testcase classname="TestNGPack.TestNGClass2" name="openAjioInstagramPage" time="0.0">
    <skipped/>
  </testcase> <!-- openAjioInstagramPage -->
  <testcase classname="TestNGPack.TestNGClass3" name="openProductPage" time="0.0">
    <skipped/>
  </testcase> <!-- openProductPage -->
  <testcase classname="TestNGPack.TestNGClass3" name="checkAddToCartBag" time="0.0">
    <skipped/>
  </testcase> <!-- checkAddToCartBag -->
</testsuite> <!-- FirfoxTest -->
