<?xml version="1.0" encoding="UTF-8"?>
<!-- Generated by org.testng.reporters.JUnitXMLReporter -->
<testsuite ignored="0" hostname="DESKTOP-3ATMJAD" failures="0" tests="2" name="ChromeTest" time="0.521" errors="0" timestamp="2022-09-13T23:46:18 IST">
  <testcase classname="TestNGPack.TestNGClass1" name="@BeforeTest lounchBrowser" time="0.409">
    <failure type="java.lang.NullPointerException" message="null value in entry: desiredCapabilities=null">
      <![CDATA[java.lang.NullPointerException: null value in entry: desiredCapabilities=null
at com.google.common.collect.CollectPreconditions.checkEntryNotNull(CollectPreconditions.java:32)
at com.google.common.collect.SingletonImmutableBiMap.<init>(SingletonImmutableBiMap.java:42)
at com.google.common.collect.ImmutableBiMap.of(ImmutableBiMap.java:72)
at com.google.common.collect.ImmutableMap.of(ImmutableMap.java:124)
at org.openqa.selenium.remote.RemoteWebDriver.startSession(RemoteWebDriver.java:211)
at org.openqa.selenium.remote.RemoteWebDriver.<init>(RemoteWebDriver.java:131)
at org.openqa.selenium.chrome.ChromeDriver.<init>(ChromeDriver.java:181)
at org.openqa.selenium.chrome.ChromeDriver.<init>(ChromeDriver.java:168)
at org.openqa.selenium.chrome.ChromeDriver.<init>(ChromeDriver.java:157)
at TestNGPack.TestNGClass1.lounchBrowser(TestNGClass1.java:42)
... Removed 22 stack frames]]>
    </failure>
  </testcase> <!-- @BeforeTest lounchBrowser -->
  <testcase classname="TestNGPack.TestNGClass1" name="@BeforeClass lounchURL" time="-1.663092977913E9">
    <skipped/>
  </testcase> <!-- @BeforeClass lounchURL -->
  <testcase classname="TestNGPack.TestNGClass1" name="@BeforeMethod homePage" time="-1.66309297793E9">
    <skipped/>
  </testcase> <!-- @BeforeMethod homePage -->
  <testcase classname="TestNGPack.TestNGClass1" name="@AfterMethod addToCartProduct" time="-1.663092977942E9">
    <skipped/>
  </testcase> <!-- @AfterMethod addToCartProduct -->
  <testcase classname="TestNGPack.TestNGClass1" name="@BeforeMethod homePage" time="-1.663092977948E9">
    <skipped/>
  </testcase> <!-- @BeforeMethod homePage -->
  <testcase classname="TestNGPack.TestNGClass1" name="@AfterMethod addToCartProduct" time="-1.663092977967E9">
    <skipped/>
  </testcase> <!-- @AfterMethod addToCartProduct -->
  <testcase classname="TestNGPack.TestNGClass1" name="@AfterClass cleanPomObject" time="-1.663092977973E9">
    <skipped/>
  </testcase> <!-- @AfterClass cleanPomObject -->
  <testcase classname="TestNGPack.TestNGClass1" name="@AfterTest closedBrowser" time="-1.66309297798E9">
    <skipped/>
  </testcase> <!-- @AfterTest closedBrowser -->
  <testcase classname="TestNGPack.TestNGClass1" name="selectWatch" time="0.0">
    <skipped/>
  </testcase> <!-- selectWatch -->
  <testcase classname="TestNGPack.TestNGClass1" name="sportShoosePage" time="0.0">
    <skipped/>
  </testcase> <!-- sportShoosePage -->
</testsuite> <!-- ChromeTest -->
