<?xml version="1.0" encoding="UTF-8"?>
<!-- Generated by org.testng.reporters.JUnitXMLReporter -->
<testsuite ignored="1" hostname="DESKTOP-3ATMJAD" failures="1" tests="3" name="Test143(failed)" time="38.876" errors="0" timestamp="2022-09-15T12:48:45 IST">
  <testcase classname="TestNGPack.TestNGClass3" name="openProductPage" time="7.703">
    <failure type="java.lang.IndexOutOfBoundsException" message="Index 1 out of bounds for length 1">
      <![CDATA[java.lang.IndexOutOfBoundsException: Index 1 out of bounds for length 1
at java.base/jdk.internal.util.Preconditions.outOfBounds(Preconditions.java:100)
at java.base/jdk.internal.util.Preconditions.outOfBoundsCheckIndex(Preconditions.java:106)
at java.base/jdk.internal.util.Preconditions.checkIndex(Preconditions.java:302)
at java.base/java.util.Objects.checkIndex(Objects.java:359)
at java.base/java.util.ArrayList.get(ArrayList.java:427)
at TestNGPack.TestNGClass3.openProductPage(TestNGClass3.java:84)
at java.base/java.util.concurrent.ThreadPoolExecutor.runWorker(ThreadPoolExecutor.java:1136)
at java.base/java.util.concurrent.ThreadPoolExecutor$Worker.run(ThreadPoolExecutor.java:635)
at java.base/java.lang.Thread.run(Thread.java:833)
... Removed 10 stack frames]]>
    </failure>
  </testcase> <!-- openProductPage -->
  <testcase classname="TestNGPack.TestNGClass3" name="checkAddToCartBag" time="0.0">
    <skipped/>
  </testcase> <!-- checkAddToCartBag -->
  <testcase classname="TestNGPack.TestNGClass2" name="openAjioFacebookPage" time="11.769"/>
  <testcase classname="TestNGPack.TestNGClass2" name="openAjioInstagramPage" time="0.0">
    <ignored/>
  </testcase> <!-- openAjioInstagramPage -->
</testsuite> <!-- Test143(failed) -->
